[debug] [2022-04-18T15:58:47.189Z] ----------------------------------------------------------------------
[debug] [2022-04-18T15:58:47.191Z] Command:       C:\Program Files\nodejs\node.exe C:\Users\Nahid\AppData\Roaming\npm\node_modules\firebase-tools\lib\bin\firebase.js deploy
[debug] [2022-04-18T15:58:47.192Z] CLI Version:   10.6.0
[debug] [2022-04-18T15:58:47.192Z] Platform:      win32
[debug] [2022-04-18T15:58:47.192Z] Node Version:  v16.14.2
[debug] [2022-04-18T15:58:47.198Z] Time:          Mon Apr 18 2022 21:58:47 GMT+0600 (Bangladesh Standard Time)
[debug] [2022-04-18T15:58:47.199Z] ----------------------------------------------------------------------
[debug] 
[debug] [2022-04-18T15:58:47.268Z] > command requires scopes: ["email","openid","https://www.googleapis.com/auth/cloudplatformprojects.readonly","https://www.googleapis.com/auth/firebase","https://www.googleapis.com/auth/cloud-platform"]
[debug] [2022-04-18T15:58:47.268Z] > authorizing via signed-in user (nh.nahid4491@gmail.com)
[debug] [2022-04-18T15:58:47.268Z] [iam] checking project nh-travel-f5031 for permissions ["firebase.projects.get","firebasehosting.sites.update"]
[debug] [2022-04-18T15:58:47.270Z] > refreshing access token with scopes: []
[debug] [2022-04-18T15:58:47.270Z] >>> HTTP REQUEST POST https://www.googleapis.com/oauth2/v3/token  
 <request body omitted>
[debug] [2022-04-18T15:58:47.643Z] <<< HTTP RESPONSE 200 {"cache-control":"no-cache, no-store, max-age=0, must-revalidate","date":"Mon, 18 Apr 2022 15:58:47 GMT","pragma":"no-cache","expires":"Mon, 01 Jan 1990 00:00:00 GMT","content-type":"application/json; charset=utf-8","vary":"X-Origin, Referer, Origin,Accept-Encoding","server":"scaffolding on HTTPServer2","x-xss-protection":"0","x-frame-options":"SAMEORIGIN","x-content-type-options":"nosniff","alt-svc":"h3=\":443\"; ma=2592000,h3-29=\":443\"; ma=2592000,h3-Q050=\":443\"; ma=2592000,h3-Q046=\":443\"; ma=2592000,h3-Q043=\":443\"; ma=2592000,quic=\":443\"; ma=2592000; v=\"46,43\"","accept-ranges":"none","transfer-encoding":"chunked"}
[debug] [2022-04-18T15:58:47.651Z] >>> [apiv2][query] POST https://cloudresourcemanager.googleapis.com/v1/projects/nh-travel-f5031:testIamPermissions [none]
[debug] [2022-04-18T15:58:47.651Z] >>> [apiv2][body] POST https://cloudresourcemanager.googleapis.com/v1/projects/nh-travel-f5031:testIamPermissions {"permissions":["firebase.projects.get","firebasehosting.sites.update"]}
[debug] [2022-04-18T15:58:49.736Z] <<< [apiv2][status] POST https://cloudresourcemanager.googleapis.com/v1/projects/nh-travel-f5031:testIamPermissions 200
[debug] [2022-04-18T15:58:49.736Z] <<< [apiv2][body] POST https://cloudresourcemanager.googleapis.com/v1/projects/nh-travel-f5031:testIamPermissions {"permissions":["firebase.projects.get","firebasehosting.sites.update"]}
[debug] [2022-04-18T15:58:49.737Z] >>> [apiv2][query] GET https://firebase.googleapis.com/v1beta1/projects/nh-travel-f5031 [none]
[debug] [2022-04-18T15:58:50.558Z] <<< [apiv2][status] GET https://firebase.googleapis.com/v1beta1/projects/nh-travel-f5031 200
[debug] [2022-04-18T15:58:50.558Z] <<< [apiv2][body] GET https://firebase.googleapis.com/v1beta1/projects/nh-travel-f5031 {"projectId":"nh-travel-f5031","projectNumber":"980945768162","displayName":"NH-Travel","name":"projects/nh-travel-f5031","resources":{"hostingSite":"nh-travel-f5031"},"state":"ACTIVE"}
[info] 
[info] === Deploying to 'nh-travel-f5031'...
[info] 
[info] i  deploying hosting 
[debug] [2022-04-18T15:58:50.567Z] >>> [apiv2][query] GET https://firebase.googleapis.com/v1beta1/projects/nh-travel-f5031 [none]
[debug] [2022-04-18T15:58:51.650Z] <<< [apiv2][status] GET https://firebase.googleapis.com/v1beta1/projects/nh-travel-f5031 200
[debug] [2022-04-18T15:58:51.650Z] <<< [apiv2][body] GET https://firebase.googleapis.com/v1beta1/projects/nh-travel-f5031 {"projectId":"nh-travel-f5031","projectNumber":"980945768162","displayName":"NH-Travel","name":"projects/nh-travel-f5031","resources":{"hostingSite":"nh-travel-f5031"},"state":"ACTIVE"}
[debug] [2022-04-18T15:58:51.652Z] >>> [apiv2][query] POST https://firebasehosting.googleapis.com/v1beta1/projects/980945768162/sites/nh-travel-f5031/versions [none]
[debug] [2022-04-18T15:58:51.652Z] >>> [apiv2][body] POST https://firebasehosting.googleapis.com/v1beta1/projects/980945768162/sites/nh-travel-f5031/versions {"config":{"rewrites":[{"glob":"**","path":"/index.html"}]},"labels":{"deployment-tool":"cli-firebase"}}
[debug] [2022-04-18T15:59:03.306Z] <<< [apiv2][status] POST https://firebasehosting.googleapis.com/v1beta1/projects/980945768162/sites/nh-travel-f5031/versions 503
[debug] [2022-04-18T15:59:03.306Z] <<< [apiv2][body] POST https://firebasehosting.googleapis.com/v1beta1/projects/980945768162/sites/nh-travel-f5031/versions {"error":{"code":503,"message":"The service is currently unavailable.","status":"UNAVAILABLE"}}
[error] 
[error] Error: HTTP Error: 503, The service is currently unavailable.
[debug] [2022-04-18T15:59:03.642Z] Error Context: {
  "body": {
    "error": {
      "code": 503,
      "message": "The service is currently unavailable.",
      "status": "UNAVAILABLE"
    }
  },
  "response": {
    "statusCode": 503
  }
}
